0 info it worked if it ends with ok
1 verbose cli [ 'node', '/usr/local/bin/npm', 'install', 'less' ]
2 info using npm@2.1.8
3 info using node@v0.10.32
4 verbose node symlink /usr/local/bin/node
5 silly cache add args [ 'less', null ]
6 verbose cache add spec less
7 silly cache add parsed spec { raw: 'less',
7 silly cache add   scope: null,
7 silly cache add   name: 'less',
7 silly cache add   rawSpec: '',
7 silly cache add   spec: '*',
7 silly cache add   type: 'range' }
8 verbose addNamed less@*
9 silly addNamed semver.valid null
10 silly addNamed semver.validRange *
11 silly addNameRange { name: 'less', range: '*', hasData: false }
12 silly mapToRegistry name less
13 silly mapToRegistry using default registry
14 silly mapToRegistry registry https://registry.npmjs.org/
15 silly mapToRegistry uri https://registry.npmjs.org/less
16 verbose addNameRange registry:https://registry.npmjs.org/less not in flight; fetching
17 verbose request uri https://registry.npmjs.org/less
18 verbose request no auth needed
19 info attempt registry request try #1 at 14:54:38
20 verbose request id 59b979b3ddcaa9bd
21 verbose etag "BLU9HR7A3R3VVV5P5Y7S4UCT2"
22 http request GET https://registry.npmjs.org/less
23 http 200 https://registry.npmjs.org/less
24 silly get cb [ 200,
24 silly get   { date: 'Fri, 26 Dec 2014 20:54:38 GMT',
24 silly get     server: 'CouchDB/1.5.0 (Erlang OTP/R16B03)',
24 silly get     etag: '"CPC6AACMV8DAVJE5OKHUXUYM4"',
24 silly get     'content-type': 'application/json',
24 silly get     'cache-control': 'max-age=60',
24 silly get     'content-length': '79788',
24 silly get     'accept-ranges': 'bytes',
24 silly get     via: '1.1 varnish',
24 silly get     age: '47',
24 silly get     'x-served-by': 'cache-ord1727-ORD',
24 silly get     'x-cache': 'HIT',
24 silly get     'x-cache-hits': '1',
24 silly get     'x-timer': 'S1419627278.269828,VS0,VE0',
24 silly get     vary: 'Accept',
24 silly get     'keep-alive': 'timeout=10, max=50',
24 silly get     connection: 'Keep-Alive' } ]
25 silly addNameRange number 2 { name: 'less', range: '*', hasData: true }
26 silly addNameRange versions [ 'less',
26 silly addNameRange   [ '1.0.10',
26 silly addNameRange     '1.0.11',
26 silly addNameRange     '1.0.14',
26 silly addNameRange     '1.0.18',
26 silly addNameRange     '1.0.19',
26 silly addNameRange     '1.0.21',
26 silly addNameRange     '1.0.32',
26 silly addNameRange     '1.0.36',
26 silly addNameRange     '1.0.5',
26 silly addNameRange     '1.0.40',
26 silly addNameRange     '1.0.41',
26 silly addNameRange     '1.0.44',
26 silly addNameRange     '1.1.0',
26 silly addNameRange     '1.1.1',
26 silly addNameRange     '1.1.2',
26 silly addNameRange     '1.1.4',
26 silly addNameRange     '1.1.5',
26 silly addNameRange     '1.1.6',
26 silly addNameRange     '1.2.0',
26 silly addNameRange     '1.2.1',
26 silly addNameRange     '1.2.2',
26 silly addNameRange     '1.3.0',
26 silly addNameRange     '1.3.1',
26 silly addNameRange     '1.3.2',
26 silly addNameRange     '1.3.3',
26 silly addNameRange     '1.4.0-b1',
26 silly addNameRange     '1.4.0-b2',
26 silly addNameRange     '1.4.0-b3',
26 silly addNameRange     '1.4.0-b4',
26 silly addNameRange     '1.4.0',
26 silly addNameRange     '1.4.1',
26 silly addNameRange     '1.4.2',
26 silly addNameRange     '1.5.0-b1',
26 silly addNameRange     '1.5.0-b2',
26 silly addNameRange     '1.5.0-b3',
26 silly addNameRange     '1.5.0-b4',
26 silly addNameRange     '1.5.0',
26 silly addNameRange     '1.5.1',
26 silly addNameRange     '1.6.0',
26 silly addNameRange     '1.6.1',
26 silly addNameRange     '1.6.2',
26 silly addNameRange     '1.6.3',
26 silly addNameRange     '1.7.0',
26 silly addNameRange     '1.7.1',
26 silly addNameRange     '1.7.3',
26 silly addNameRange     '1.7.4',
26 silly addNameRange     '1.7.5',
26 silly addNameRange     '2.0.0-b1',
26 silly addNameRange     '2.0.0-b2',
26 silly addNameRange     '2.0.0-b3',
26 silly addNameRange     '2.0.0',
26 silly addNameRange     '2.1.0',
26 silly addNameRange     '2.1.1',
26 silly addNameRange     '2.1.2' ] ]
27 verbose addNamed less@2.1.2
28 silly addNamed semver.valid 2.1.2
29 silly addNamed semver.validRange 2.1.2
30 silly mapToRegistry name less
31 silly mapToRegistry using default registry
32 silly mapToRegistry registry https://registry.npmjs.org/
33 silly mapToRegistry uri https://registry.npmjs.org/less
34 verbose addRemoteTarball https://registry.npmjs.org/less/-/less-2.1.2.tgz not in flight; adding
35 verbose addRemoteTarball [ 'https://registry.npmjs.org/less/-/less-2.1.2.tgz',
35 verbose addRemoteTarball   '29b1ff230323f7a5dddf451b731a3d9460e8e908' ]
36 info retry fetch attempt 1 at 14:54:38
37 info attempt registry request try #1 at 14:54:38
38 http fetch GET https://registry.npmjs.org/less/-/less-2.1.2.tgz
39 http fetch 200 https://registry.npmjs.org/less/-/less-2.1.2.tgz
40 silly fetchAndShaCheck shasum 29b1ff230323f7a5dddf451b731a3d9460e8e908
41 verbose addTmpTarball /var/folders/l4/5v0m311d3x5dnhdjl4j8ggc40000gn/T/npm-7391-6ab974cf/registry.npmjs.org/less/-/less-2.1.2.tgz not in flight; adding
42 verbose addTmpTarball already have metadata; skipping unpack for less@2.1.2
43 silly cache afterAdd less@2.1.2
44 verbose afterAdd /Users/Kostko/.npm/less/2.1.2/package/package.json not in flight; writing
45 verbose afterAdd /Users/Kostko/.npm/less/2.1.2/package/package.json written
46 silly install resolved [ { name: 'less',
46 silly install resolved     version: '2.1.2',
46 silly install resolved     description: 'Leaner CSS',
46 silly install resolved     homepage: 'http://lesscss.org',
46 silly install resolved     author: { name: 'Alexis Sellier', email: 'self@cloudhead.net' },
46 silly install resolved     contributors: [ [Object] ],
46 silly install resolved     bugs: { url: 'https://github.com/less/less.js/issues' },
46 silly install resolved     repository: { type: 'git', url: 'https://github.com/less/less.js.git' },
46 silly install resolved     licenses: [ [Object] ],
46 silly install resolved     bin: { lessc: './bin/lessc' },
46 silly install resolved     main: 'index',
46 silly install resolved     directories: { test: './test' },
46 silly install resolved     jam: { main: './dist/less.js' },
46 silly install resolved     engines: { node: '>=0.10.0' },
46 silly install resolved     scripts: { test: 'grunt test' },
46 silly install resolved     optionalDependencies:
46 silly install resolved      { 'graceful-fs': '^3.0.4',
46 silly install resolved        mime: '^1.2.11',
46 silly install resolved        request: '^2.48.0',
46 silly install resolved        mkdirp: '^0.5.0',
46 silly install resolved        'source-map': '^0.1.x',
46 silly install resolved        promise: '^6.0.1' },
46 silly install resolved     devDependencies:
46 silly install resolved      { diff: '^1.0',
46 silly install resolved        grunt: '^0.4.5',
46 silly install resolved        'grunt-contrib-clean': '^0.6.0',
46 silly install resolved        'grunt-contrib-concat': '^0.5.0',
46 silly install resolved        'grunt-contrib-connect': '^0.9.0',
46 silly install resolved        'grunt-contrib-jasmine': '^0.8.1',
46 silly install resolved        'grunt-contrib-jshint': '^0.10.0',
46 silly install resolved        'grunt-contrib-uglify': '^0.6.0',
46 silly install resolved        'grunt-shell': '^1.1.1',
46 silly install resolved        'grunt-browserify': '^3.2.0',
46 silly install resolved        matchdep: '^0.3.0',
46 silly install resolved        'time-grunt': '^1.0.0',
46 silly install resolved        'grunt-saucelabs': '^8.3.2' },
46 silly install resolved     keywords:
46 silly install resolved      [ 'compile less',
46 silly install resolved        'css nesting',
46 silly install resolved        'css variable',
46 silly install resolved        'css',
46 silly install resolved        'gradients css',
46 silly install resolved        'gradients css3',
46 silly install resolved        'less compiler',
46 silly install resolved        'less css',
46 silly install resolved        'less mixins',
46 silly install resolved        'less',
46 silly install resolved        'less.js',
46 silly install resolved        'lesscss',
46 silly install resolved        'mixins',
46 silly install resolved        'nested css',
46 silly install resolved        'parser',
46 silly install resolved        'preprocessor',
46 silly install resolved        'bootstrap css',
46 silly install resolved        'bootstrap less',
46 silly install resolved        'style',
46 silly install resolved        'styles',
46 silly install resolved        'stylesheet',
46 silly install resolved        'variables in css',
46 silly install resolved        'css less' ],
46 silly install resolved     dependencies:
46 silly install resolved      { 'graceful-fs': '^3.0.4',
46 silly install resolved        mime: '^1.2.11',
46 silly install resolved        request: '^2.48.0',
46 silly install resolved        mkdirp: '^0.5.0',
46 silly install resolved        'source-map': '^0.1.x',
46 silly install resolved        promise: '^6.0.1' },
46 silly install resolved     _id: 'less@2.1.2',
46 silly install resolved     dist:
46 silly install resolved      { shasum: '29b1ff230323f7a5dddf451b731a3d9460e8e908',
46 silly install resolved        tarball: 'http://registry.npmjs.org/less/-/less-2.1.2.tgz' },
46 silly install resolved     _from: 'less@*',
46 silly install resolved     _npmVersion: '1.3.24',
46 silly install resolved     _npmUser: { name: 'agatronic', email: 'luke.a.page@gmail.com' },
46 silly install resolved     maintainers: [ [Object], [Object] ],
46 silly install resolved     _shasum: '29b1ff230323f7a5dddf451b731a3d9460e8e908',
46 silly install resolved     _resolved: 'https://registry.npmjs.org/less/-/less-2.1.2.tgz' } ]
47 info install less@2.1.2 into /Users/Kostko/Documents/portfolio-site/Portfolio
48 info installOne less@2.1.2
49 verbose installOne of less to /Users/Kostko/Documents/portfolio-site/Portfolio not in flight; installing
50 verbose lock using /Users/Kostko/.npm/_locks/less-a0d7509b8d18c826.lock for /Users/Kostko/Documents/portfolio-site/Portfolio/node_modules/less
51 silly install write writing less 2.1.2 to /Users/Kostko/Documents/portfolio-site/Portfolio/node_modules/less
52 silly cache addNamed cb less@2.1.2
53 verbose unbuild node_modules/less
54 info preuninstall less@2.1.2
55 info uninstall less@2.1.2
56 verbose unbuild rmStuff less@2.1.2 from /Users/Kostko/Documents/portfolio-site/Portfolio/node_modules
57 verbose /Users/Kostko/Documents/portfolio-site/Portfolio/node_modules/.bin,[object Object] binRoot
58 verbose gentlyRm verifying that /Users/Kostko/Documents/portfolio-site/Portfolio/node_modules/less is managed by npm
59 silly cacheAndTest /Users/Kostko/Documents/portfolio-site/Portfolio/node_modules/less is inside /Users/Kostko/Documents/portfolio-site/Portfolio/node_modules
60 silly gentlyRm /Users/Kostko/Documents/portfolio-site/Portfolio/node_modules/less is managed by npm
61 silly gentlyRm /Users/Kostko/Documents/portfolio-site/Portfolio/node_modules/.bin/lessc is not under /Users/Kostko/Documents/portfolio-site/Portfolio/node_modules/less
62 silly gentlyRm checking to see if /Users/Kostko/Documents/portfolio-site/Portfolio/node_modules/.bin/lessc is a link
63 verbose gentlyRm /Users/Kostko/Documents/portfolio-site/Portfolio/node_modules/.bin/lessc is outside /Users/Kostko/Documents/portfolio-site/Portfolio/node_modules/less and not a link
64 verbose unlock done using /Users/Kostko/.npm/_locks/less-a0d7509b8d18c826.lock for /Users/Kostko/Documents/portfolio-site/Portfolio/node_modules/less
65 verbose stack Error: Refusing to delete: /Users/Kostko/Documents/portfolio-site/Portfolio/node_modules/.bin/lessc not in /Users/Kostko/Documents/portfolio-site/Portfolio/node_modules/less
65 verbose stack     at clobberFail (/usr/local/lib/node_modules/npm/lib/utils/gently-rm.js:162:12)
65 verbose stack     at /usr/local/lib/node_modules/npm/lib/utils/gently-rm.js:73:16
65 verbose stack     at Object.oncomplete (evalmachine.<anonymous>:107:15)
66 verbose cwd /Users/Kostko/Documents/portfolio-site/Portfolio
67 error Darwin 14.1.0
68 error argv "node" "/usr/local/bin/npm" "install" "less"
69 error node v0.10.32
70 error npm  v2.1.8
71 error path /Users/Kostko/Documents/portfolio-site/Portfolio/node_modules/.bin/lessc
72 error code EEXIST
73 error Refusing to delete: /Users/Kostko/Documents/portfolio-site/Portfolio/node_modules/.bin/lessc not in /Users/Kostko/Documents/portfolio-site/Portfolio/node_modules/less
File exists: /Users/Kostko/Documents/portfolio-site/Portfolio/node_modules/.bin/lessc
Move it away, and try again.
74 verbose exit [ 1, true ]
75 verbose unbuild node_modules/less
76 info preuninstall less@2.1.2
77 info uninstall less@2.1.2
78 verbose unbuild rmStuff less@2.1.2 from /Users/Kostko/Documents/portfolio-site/Portfolio/node_modules
79 verbose /Users/Kostko/Documents/portfolio-site/Portfolio/node_modules/.bin,[object Object] binRoot
80 verbose gentlyRm verifying that /Users/Kostko/Documents/portfolio-site/Portfolio/node_modules/less is managed by npm
81 silly isManaged /Users/Kostko/Documents/portfolio-site/Portfolio/node_modules/less is inside /Users/Kostko/Documents/portfolio-site/Portfolio/node_modules
82 silly gentlyRm /Users/Kostko/Documents/portfolio-site/Portfolio/node_modules/less is managed by npm
83 silly gentlyRm /Users/Kostko/Documents/portfolio-site/Portfolio/node_modules/.bin/lessc is not under /Users/Kostko/Documents/portfolio-site/Portfolio/node_modules/less
84 silly gentlyRm checking to see if /Users/Kostko/Documents/portfolio-site/Portfolio/node_modules/.bin/lessc is a link
85 verbose gentlyRm /Users/Kostko/Documents/portfolio-site/Portfolio/node_modules/.bin/lessc is outside /Users/Kostko/Documents/portfolio-site/Portfolio/node_modules/less and not a link
86 error error rolling back Error: Refusing to delete: /Users/Kostko/Documents/portfolio-site/Portfolio/node_modules/.bin/lessc not in /Users/Kostko/Documents/portfolio-site/Portfolio/node_modules/less
86 error error rolling back     at clobberFail (/usr/local/lib/node_modules/npm/lib/utils/gently-rm.js:162:12)
86 error error rolling back     at /usr/local/lib/node_modules/npm/lib/utils/gently-rm.js:73:16
86 error error rolling back     at Object.oncomplete (evalmachine.<anonymous>:107:15)
86 error error rolling back  { [Error: Refusing to delete: /Users/Kostko/Documents/portfolio-site/Portfolio/node_modules/.bin/lessc not in /Users/Kostko/Documents/portfolio-site/Portfolio/node_modules/less]
86 error error rolling back   code: 'EEXIST',
86 error error rolling back   path: '/Users/Kostko/Documents/portfolio-site/Portfolio/node_modules/.bin/lessc' }
